This is pdfTeX, Version 3.141592653-2.6-1.40.26 (TeX Live 2024/Homebrew) (preloaded format=pdflatex 2024.10.29)  12 DEC 2024 03:14
entering extended mode
 restricted \write18 enabled.
 file:line:error style messages enabled.
 %&-line parsing enabled.
**main.tex
(./main.tex
LaTeX2e <2023-11-01> patch level 1
L3 programming layer <2024-02-20>
(/opt/homebrew/Cellar/texlive/20240312_3/share/texmf-dist/tex/latex/base/article.cls
Document Class: article 2023/05/17 v1.4n Standard LaTeX document class
(/opt/homebrew/Cellar/texlive/20240312_3/share/texmf-dist/tex/latex/base/size10.clo
File: size10.clo 2023/05/17 v1.4n Standard LaTeX file (size option)
)
\c@part=\count188
\c@section=\count189
\c@subsection=\count190
\c@subsubsection=\count191
\c@paragraph=\count192
\c@subparagraph=\count193
\c@figure=\count194
\c@table=\count195
\abovecaptionskip=\skip48
\belowcaptionskip=\skip49
\bibindent=\dimen140
) (/opt/homebrew/Cellar/texlive/20240312_3/share/texmf-dist/tex/latex/blindtext/blindtext.sty
Package: blindtext 2012/01/06 V2.0 blindtext-Package
 (/opt/homebrew/Cellar/texlive/20240312_3/share/texmf-dist/tex/latex/tools/xspace.sty
Package: xspace 2014/10/28 v1.13 Space after command names (DPC,MH)
)
\c@blindtext=\count196
\c@Blindtext=\count197
\c@blind@countparstart=\count198
\blind@countxx=\count199
\blindtext@numBlindtext=\count266
\blind@countyy=\count267
\c@blindlist=\count268
\c@blindlistlevel=\count269
\c@blindlist@level=\count270
\blind@listitem=\count271
\c@blind@listcount=\count272
\c@blind@levelcount=\count273
\blind@mathformula=\count274
\blind@Mathformula=\count275
\c@blind@randomcount=\count276
\c@blind@randommax=\count277
\c@blind@pangramcount=\count278
\c@blind@pangrammax=\count279
) (/opt/homebrew/Cellar/texlive/20240312_3/share/texmf-dist/tex/latex/amsmath/amsmath.sty
Package: amsmath 2023/05/13 v2.17o AMS math features
\@mathmargin=\skip50

For additional information on amsmath, use the `?' option.
(/opt/homebrew/Cellar/texlive/20240312_3/share/texmf-dist/tex/latex/amsmath/amstext.sty
Package: amstext 2021/08/26 v2.01 AMS text
 (/opt/homebrew/Cellar/texlive/20240312_3/share/texmf-dist/tex/latex/amsmath/amsgen.sty
File: amsgen.sty 1999/11/30 v2.0 generic functions
\@emptytoks=\toks17
\ex@=\dimen141
)) (/opt/homebrew/Cellar/texlive/20240312_3/share/texmf-dist/tex/latex/amsmath/amsbsy.sty
Package: amsbsy 1999/11/29 v1.2d Bold Symbols
\pmbraise@=\dimen142
) (/opt/homebrew/Cellar/texlive/20240312_3/share/texmf-dist/tex/latex/amsmath/amsopn.sty
Package: amsopn 2022/04/08 v2.04 operator names
)
\inf@bad=\count280
LaTeX Info: Redefining \frac on input line 234.
\uproot@=\count281
\leftroot@=\count282
LaTeX Info: Redefining \overline on input line 399.
LaTeX Info: Redefining \colon on input line 410.
\classnum@=\count283
\DOTSCASE@=\count284
LaTeX Info: Redefining \ldots on input line 496.
LaTeX Info: Redefining \dots on input line 499.
LaTeX Info: Redefining \cdots on input line 620.
\Mathstrutbox@=\box51
\strutbox@=\box52
LaTeX Info: Redefining \big on input line 722.
LaTeX Info: Redefining \Big on input line 723.
LaTeX Info: Redefining \bigg on input line 724.
LaTeX Info: Redefining \Bigg on input line 725.
\big@size=\dimen143
LaTeX Font Info:    Redeclaring font encoding OML on input line 743.
LaTeX Font Info:    Redeclaring font encoding OMS on input line 744.
\macc@depth=\count285
LaTeX Info: Redefining \bmod on input line 905.
LaTeX Info: Redefining \pmod on input line 910.
LaTeX Info: Redefining \smash on input line 940.
LaTeX Info: Redefining \relbar on input line 970.
LaTeX Info: Redefining \Relbar on input line 971.
\c@MaxMatrixCols=\count286
\dotsspace@=\muskip16
\c@parentequation=\count287
\dspbrk@lvl=\count288
\tag@help=\toks18
\row@=\count289
\column@=\count290
\maxfields@=\count291
\andhelp@=\toks19
\eqnshift@=\dimen144
\alignsep@=\dimen145
\tagshift@=\dimen146
\tagwidth@=\dimen147
\totwidth@=\dimen148
\lineht@=\dimen149
\@envbody=\toks20
\multlinegap=\skip51
\multlinetaggap=\skip52
\mathdisplay@stack=\toks21
LaTeX Info: Redefining \[ on input line 2953.
LaTeX Info: Redefining \] on input line 2954.
) (/opt/homebrew/Cellar/texlive/20240312_3/share/texmf-dist/tex/latex/graphics/graphicx.sty
Package: graphicx 2021/09/16 v1.2d Enhanced LaTeX Graphics (DPC,SPQR)
 (/opt/homebrew/Cellar/texlive/20240312_3/share/texmf-dist/tex/latex/graphics/keyval.sty
Package: keyval 2022/05/29 v1.15 key=value parser (DPC)
\KV@toks@=\toks22
) (/opt/homebrew/Cellar/texlive/20240312_3/share/texmf-dist/tex/latex/graphics/graphics.sty
Package: graphics 2022/03/10 v1.4e Standard LaTeX Graphics (DPC,SPQR)
 (/opt/homebrew/Cellar/texlive/20240312_3/share/texmf-dist/tex/latex/graphics/trig.sty
Package: trig 2021/08/11 v1.11 sin cos tan (DPC)
) (/opt/homebrew/Cellar/texlive/20240312_3/share/texmf-dist/tex/latex/graphics-cfg/graphics.cfg
File: graphics.cfg 2016/06/04 v1.11 sample graphics configuration
)
Package graphics Info: Driver file: pdftex.def on input line 107.
 (/opt/homebrew/Cellar/texlive/20240312_3/share/texmf-dist/tex/latex/graphics-def/pdftex.def
File: pdftex.def 2022/09/22 v1.2b Graphics/color driver for pdftex
))
\Gin@req@height=\dimen150
\Gin@req@width=\dimen151
) (/opt/homebrew/Cellar/texlive/20240312_3/share/texmf-dist/tex/latex/caption/subcaption.sty
Package: subcaption 2023/07/28 v1.6b Sub-captions (AR)
 (/opt/homebrew/Cellar/texlive/20240312_3/share/texmf-dist/tex/latex/caption/caption.sty
Package: caption 2023/08/05 v3.6o Customizing captions (AR)
 (/opt/homebrew/Cellar/texlive/20240312_3/share/texmf-dist/tex/latex/caption/caption3.sty
Package: caption3 2023/07/31 v2.4d caption3 kernel (AR)
\caption@tempdima=\dimen152
\captionmargin=\dimen153
\caption@leftmargin=\dimen154
\caption@rightmargin=\dimen155
\caption@width=\dimen156
\caption@indent=\dimen157
\caption@parindent=\dimen158
\caption@hangindent=\dimen159
Package caption Info: Standard document class detected.
)
\c@caption@flags=\count292
\c@continuedfloat=\count293
)
Package caption Info: New subtype `subfigure' on input line 238.
\c@subfigure=\count294
Package caption Info: New subtype `subtable' on input line 238.
\c@subtable=\count295
) (/opt/homebrew/Cellar/texlive/20240312_3/share/texmf-dist/tex/latex/float/float.sty
Package: float 2001/11/08 v1.3d Float enhancements (AL)
\c@float@type=\count296
\float@exts=\toks23
\float@box=\box53
\@float@everytoks=\toks24
\@floatcapt=\box54
) (/opt/homebrew/Cellar/texlive/20240312_3/share/texmf-dist/tex/latex/algorithm2e/algorithm2e.sty
Package: algorithm2e 2017/07/18 v5.2 algorithms environments
\c@AlgoLine=\count297
 (/opt/homebrew/Cellar/texlive/20240312_3/share/texmf-dist/tex/latex/base/ifthen.sty
Package: ifthen 2022/04/13 v1.1d Standard LaTeX ifthen package (DPC)
)
\algocf@hangindent=\skip53
 (/opt/homebrew/Cellar/texlive/20240312_3/share/texmf-dist/tex/latex/ifoddpage/ifoddpage.sty
Package: ifoddpage 2022/10/18 v1.2 Conditionals for odd/even page detection
\c@checkoddpage=\count298
) (/opt/homebrew/Cellar/texlive/20240312_3/share/texmf-dist/tex/latex/relsize/relsize.sty
Package: relsize 2013/03/29 ver 4.1
)
\skiptotal=\skip54
\skiplinenumber=\skip55
\skiprule=\skip56
\skiphlne=\skip57
\skiptext=\skip58
\skiplength=\skip59
\algomargin=\skip60
\skipalgocfslide=\skip61
\algowidth=\dimen160
\inoutsize=\dimen161
\inoutindent=\dimen162
\interspacetitleruled=\dimen163
\interspacealgoruled=\dimen164
\interspacetitleboxruled=\dimen165
\algocf@ruledwidth=\skip62
\algocf@inoutbox=\box55
\algocf@inputbox=\box56
\AlCapSkip=\skip63
\AlCapHSkip=\skip64
\algoskipindent=\skip65
\algocf@nlbox=\box57
\algocf@hangingbox=\box58
\algocf@untilbox=\box59
\algocf@skipuntil=\skip66
\algocf@capbox=\box60
\algocf@lcaptionbox=\skip67
\algoheightruledefault=\skip68
\algoheightrule=\skip69
\algotitleheightruledefault=\skip70
\algotitleheightrule=\skip71
\c@algocfline=\count299
\c@algocfproc=\count300
\c@algocf=\count301
\algocf@algoframe=\box61
\algocf@algobox=\box62
) (/opt/homebrew/Cellar/texlive/20240312_3/share/texmf-dist/tex/latex/hyperref/hyperref.sty
Package: hyperref 2024-01-20 v7.01h Hypertext links for LaTeX
 (/opt/homebrew/Cellar/texlive/20240312_3/share/texmf-dist/tex/generic/iftex/iftex.sty
Package: iftex 2022/02/03 v1.0f TeX engine tests
) (/opt/homebrew/Cellar/texlive/20240312_3/share/texmf-dist/tex/latex/kvsetkeys/kvsetkeys.sty
Package: kvsetkeys 2022-10-05 v1.19 Key value parser (HO)
) (/opt/homebrew/Cellar/texlive/20240312_3/share/texmf-dist/tex/generic/kvdefinekeys/kvdefinekeys.sty
Package: kvdefinekeys 2019-12-19 v1.6 Define keys (HO)
)
(/opt/homebrew/Cellar/texlive/20240312_3/share/texmf-dist/tex/generic/pdfescape/pdfescape.sty
Package: pdfescape 2019/12/09 v1.15 Implements pdfTeX's escape features (HO)
 (/opt/homebrew/Cellar/texlive/20240312_3/share/texmf-dist/tex/generic/ltxcmds/ltxcmds.sty
Package: ltxcmds 2023-12-04 v1.26 LaTeX kernel commands for general use (HO)
) (/opt/homebrew/Cellar/texlive/20240312_3/share/texmf-dist/tex/generic/pdftexcmds/pdftexcmds.sty
Package: pdftexcmds 2020-06-27 v0.33 Utility functions of pdfTeX for LuaTeX (HO)
 (/opt/homebrew/Cellar/texlive/20240312_3/share/texmf-dist/tex/generic/infwarerr/infwarerr.sty
Package: infwarerr 2019/12/03 v1.5 Providing info/warning/error messages (HO)
)
Package pdftexcmds Info: \pdf@primitive is available.
Package pdftexcmds Info: \pdf@ifprimitive is available.
Package pdftexcmds Info: \pdfdraftmode found.
)) (/opt/homebrew/Cellar/texlive/20240312_3/share/texmf-dist/tex/latex/hycolor/hycolor.sty
Package: hycolor 2020-01-27 v1.10 Color options for hyperref/bookmark (HO)
) (/opt/homebrew/Cellar/texlive/20240312_3/share/texmf-dist/tex/latex/auxhook/auxhook.sty
Package: auxhook 2019-12-17 v1.6 Hooks for auxiliary files (HO)
) (/opt/homebrew/Cellar/texlive/20240312_3/share/texmf-dist/tex/latex/hyperref/nameref.sty
Package: nameref 2023-11-26 v2.56 Cross-referencing by name of section
 (/opt/homebrew/Cellar/texlive/20240312_3/share/texmf-dist/tex/latex/refcount/refcount.sty
Package: refcount 2019/12/15 v3.6 Data extraction from label references (HO)
) (/opt/homebrew/Cellar/texlive/20240312_3/share/texmf-dist/tex/generic/gettitlestring/gettitlestring.sty
Package: gettitlestring 2019/12/15 v1.6 Cleanup title references (HO)
 (/opt/homebrew/Cellar/texlive/20240312_3/share/texmf-dist/tex/latex/kvoptions/kvoptions.sty
Package: kvoptions 2022-06-15 v3.15 Key value format for package options (HO)
))
\c@section@level=\count302
) (/opt/homebrew/Cellar/texlive/20240312_3/share/texmf-dist/tex/latex/etoolbox/etoolbox.sty
Package: etoolbox 2020/10/05 v2.5k e-TeX tools for LaTeX (JAW)
\etb@tempcnta=\count303
)
\@linkdim=\dimen166
\Hy@linkcounter=\count304
\Hy@pagecounter=\count305
 (/opt/homebrew/Cellar/texlive/20240312_3/share/texmf-dist/tex/latex/hyperref/pd1enc.def
File: pd1enc.def 2024-01-20 v7.01h Hyperref: PDFDocEncoding definition (HO)
Now handling font encoding PD1 ...
... no UTF-8 mapping file for font encoding PD1
) (/opt/homebrew/Cellar/texlive/20240312_3/share/texmf-dist/tex/generic/intcalc/intcalc.sty
Package: intcalc 2019/12/15 v1.3 Expandable calculations with integers (HO)
)
\Hy@SavedSpaceFactor=\count306
 (/opt/homebrew/Cellar/texlive/20240312_3/share/texmf-dist/tex/latex/hyperref/puenc.def
File: puenc.def 2024-01-20 v7.01h Hyperref: PDF Unicode definition (HO)
Now handling font encoding PU ...
... no UTF-8 mapping file for font encoding PU
)
Package hyperref Info: Hyper figures OFF on input line 4179.
Package hyperref Info: Link nesting OFF on input line 4184.
Package hyperref Info: Hyper index ON on input line 4187.
Package hyperref Info: Plain pages OFF on input line 4194.
Package hyperref Info: Backreferencing OFF on input line 4199.
Package hyperref Info: Implicit mode ON; LaTeX internals redefined.
Package hyperref Info: Bookmarks ON on input line 4446.
\c@Hy@tempcnt=\count307
 (/opt/homebrew/Cellar/texlive/20240312_3/share/texmf-dist/tex/latex/url/url.sty
\Urlmuskip=\muskip17
Package: url 2013/09/16  ver 3.4  Verb mode for urls, etc.
)
LaTeX Info: Redefining \url on input line 4784.
\XeTeXLinkMargin=\dimen167
 (/opt/homebrew/Cellar/texlive/20240312_3/share/texmf-dist/tex/generic/bitset/bitset.sty
Package: bitset 2019/12/09 v1.3 Handle bit-vector datatype (HO)
 (/opt/homebrew/Cellar/texlive/20240312_3/share/texmf-dist/tex/generic/bigintcalc/bigintcalc.sty
Package: bigintcalc 2019/12/15 v1.5 Expandable calculations on big integers (HO)
))
\Fld@menulength=\count308
\Field@Width=\dimen168
\Fld@charsize=\dimen169
Package hyperref Info: Hyper figures OFF on input line 6063.
Package hyperref Info: Link nesting OFF on input line 6068.
Package hyperref Info: Hyper index ON on input line 6071.
Package hyperref Info: backreferencing OFF on input line 6078.
Package hyperref Info: Link coloring OFF on input line 6083.
Package hyperref Info: Link coloring with OCG OFF on input line 6088.
Package hyperref Info: PDF/A mode OFF on input line 6093.
 (/opt/homebrew/Cellar/texlive/20240312_3/share/texmf-dist/tex/latex/base/atbegshi-ltx.sty
Package: atbegshi-ltx 2021/01/10 v1.0c Emulation of the original atbegshi
package with kernel methods
)
\Hy@abspage=\count309
\c@Item=\count310
\c@Hfootnote=\count311
)
Package hyperref Info: Driver (autodetected): hpdftex.
 (/opt/homebrew/Cellar/texlive/20240312_3/share/texmf-dist/tex/latex/hyperref/hpdftex.def
File: hpdftex.def 2024-01-20 v7.01h Hyperref driver for pdfTeX
 (/opt/homebrew/Cellar/texlive/20240312_3/share/texmf-dist/tex/latex/base/atveryend-ltx.sty
Package: atveryend-ltx 2020/08/19 v1.0a Emulation of the original atveryend package
with kernel methods
)
\Fld@listcount=\count312
\c@bookmark@seq@number=\count313
 (/opt/homebrew/Cellar/texlive/20240312_3/share/texmf-dist/tex/latex/rerunfilecheck/rerunfilecheck.sty
Package: rerunfilecheck 2022-07-10 v1.10 Rerun checks for auxiliary files (HO)

(/opt/homebrew/Cellar/texlive/20240312_3/share/texmf-dist/tex/generic/uniquecounter/uniquecounter.sty
Package: uniquecounter 2019/12/15 v1.4 Provide unlimited unique counter (HO)
)
Package uniquecounter Info: New unique counter `rerunfilecheck' on input line 285.
)
\Hy@SectionHShift=\skip72
) (/opt/homebrew/Cellar/texlive/20240312_3/share/texmf-dist/tex/latex/booktabs/booktabs.sty
Package: booktabs 2020/01/12 v1.61803398 Publication quality tables
\heavyrulewidth=\dimen170
\lightrulewidth=\dimen171
\cmidrulewidth=\dimen172
\belowrulesep=\dimen173
\belowbottomsep=\dimen174
\aboverulesep=\dimen175
\abovetopsep=\dimen176
\cmidrulesep=\dimen177
\cmidrulekern=\dimen178
\defaultaddspace=\dimen179
\@cmidla=\count314
\@cmidlb=\count315
\@aboverulesep=\dimen180
\@belowrulesep=\dimen181
\@thisruleclass=\count316
\@lastruleclass=\count317
\@thisrulewidth=\dimen182
) (/opt/homebrew/Cellar/texlive/20240312_3/share/texmf-dist/tex/latex/tools/array.sty
Package: array 2023/10/16 v2.5g Tabular extension package (FMi)
\col@sep=\dimen183
\ar@mcellbox=\box63
\extrarowheight=\dimen184
\NC@list=\toks25
\extratabsurround=\skip73
\backup@length=\skip74
\ar@cellbox=\box64
) (/opt/homebrew/Cellar/texlive/20240312_3/share/texmf-dist/tex/latex/tools/longtable.sty
Package: longtable 2023-11-01 v4.19 Multi-page Table package (DPC)
\LTleft=\skip75
\LTright=\skip76
\LTpre=\skip77
\LTpost=\skip78
\LTchunksize=\count318
\LTcapwidth=\dimen185
\LT@head=\box65
\LT@firsthead=\box66
\LT@foot=\box67
\LT@lastfoot=\box68
\LT@gbox=\box69
\LT@cols=\count319
\LT@rows=\count320
\c@LT@tables=\count321
\c@LT@chunks=\count322
\LT@p@ftn=\toks26
) (/opt/homebrew/Cellar/texlive/20240312_3/share/texmf-dist/tex/latex/l3backend/l3backend-pdftex.def
File: l3backend-pdftex.def 2024-02-20 L3 backend support: PDF output (pdfTeX)
\l__color_backend_stack_int=\count323
\l__pdf_internal_box=\box70
) (./main.aux)
\openout1 = `main.aux'.

LaTeX Font Info:    Checking defaults for OML/cmm/m/it on input line 19.
LaTeX Font Info:    ... okay on input line 19.
LaTeX Font Info:    Checking defaults for OMS/cmsy/m/n on input line 19.
LaTeX Font Info:    ... okay on input line 19.
LaTeX Font Info:    Checking defaults for OT1/cmr/m/n on input line 19.
LaTeX Font Info:    ... okay on input line 19.
LaTeX Font Info:    Checking defaults for T1/cmr/m/n on input line 19.
LaTeX Font Info:    ... okay on input line 19.
LaTeX Font Info:    Checking defaults for TS1/cmr/m/n on input line 19.
LaTeX Font Info:    ... okay on input line 19.
LaTeX Font Info:    Checking defaults for OMX/cmex/m/n on input line 19.
LaTeX Font Info:    ... okay on input line 19.
LaTeX Font Info:    Checking defaults for U/cmr/m/n on input line 19.
LaTeX Font Info:    ... okay on input line 19.
LaTeX Font Info:    Checking defaults for PD1/pdf/m/n on input line 19.
LaTeX Font Info:    ... okay on input line 19.
LaTeX Font Info:    Checking defaults for PU/pdf/m/n on input line 19.
LaTeX Font Info:    ... okay on input line 19.
 (/opt/homebrew/Cellar/texlive/20240312_3/share/texmf-dist/tex/context/base/mkii/supp-pdf.mkii
[Loading MPS to PDF converter (version 2006.09.02).]
\scratchcounter=\count324
\scratchdimen=\dimen186
\scratchbox=\box71
\nofMPsegments=\count325
\nofMParguments=\count326
\everyMPshowfont=\toks27
\MPscratchCnt=\count327
\MPscratchDim=\dimen187
\MPnumerator=\count328
\makeMPintoPDFobject=\count329
\everyMPtoPDFconversion=\toks28
) (/opt/homebrew/Cellar/texlive/20240312_3/share/texmf-dist/tex/latex/epstopdf-pkg/epstopdf-base.sty
Package: epstopdf-base 2020-01-24 v2.11 Base part for package epstopdf
Package epstopdf-base Info: Redefining graphics rule for `.eps' on input line 485.
 (/opt/homebrew/Cellar/texlive/20240312_3/share/texmf-dist/tex/latex/latexconfig/epstopdf-sys.cfg
File: epstopdf-sys.cfg 2010/07/13 v1.3 Configuration of (r)epstopdf for TeX Live
))
Package caption Info: Begin \AtBeginDocument code.
Package caption Info: float package is loaded.
Package caption Info: hyperref package is loaded.
Package caption Info: longtable package is loaded.
 (/opt/homebrew/Cellar/texlive/20240312_3/share/texmf-dist/tex/latex/caption/ltcaption.sty
Package: ltcaption 2021/01/08 v1.4c longtable captions (AR)
)
Package caption Info: End \AtBeginDocument code.
Package hyperref Info: Link coloring OFF on input line 19.
 (./main.out) (./main.out)
\@outlinefile=\write3
\openout3 = `main.out'.

 [1

{/opt/homebrew/Cellar/texlive/20240312_3/share/texmf-dist/fonts/map/pdftex/updmap/pdftex.map}] (./main.toc)
\tf@toc=\write4
\openout4 = `main.toc'.

 [2] (./introduction.tex [3]) (./methods.tex [4] (./minmodel.tex [5]
<figures/minb_architecture.png, id=220, 1222.5675pt x 984.67876pt>
File: figures/minb_architecture.png Graphic file (type png)
<use figures/minb_architecture.png>
Package pdftex.def Info: figures/minb_architecture.png  used on input line 19.
(pdftex.def)             Requested size: 207.0021pt x 166.71704pt.
 [6 <./figures/minb_architecture.png>]
<figures/selections_1.png, id=238, 1075.3776pt x 622.2447pt>
File: figures/selections_1.png Graphic file (type png)
<use figures/selections_1.png>
Package pdftex.def Info: figures/selections_1.png  used on input line 83.
(pdftex.def)             Requested size: 310.4979pt x 179.66777pt.
 [7])
<figures/evolution_plot.png, id=253, 593.91486pt x 302.52222pt>
File: figures/evolution_plot.png Graphic file (type png)
<use figures/evolution_plot.png>
Package pdftex.def Info: figures/evolution_plot.png  used on input line 43.
(pdftex.def)             Requested size: 345.0pt x 175.73073pt.
 [8 <./figures/selections_1.png>] [9 <./figures/evolution_plot.png>]) (./results.tex [10]
<figures/performance_plot.png, id=302, 593.91486pt x 361.63908pt>
File: figures/performance_plot.png Graphic file (type png)
<use figures/performance_plot.png>
Package pdftex.def Info: figures/performance_plot.png  used on input line 36.
(pdftex.def)             Requested size: 345.0pt x 210.07086pt.
 [11] [12 <./figures/performance_plot.png>]
<figures/performance_analysis_KABv0.png, id=315, 545.92758pt x 405.86832pt>
File: figures/performance_analysis_KABv0.png Graphic file (type png)
<use figures/performance_analysis_KABv0.png>
Package pdftex.def Info: figures/performance_analysis_KABv0.png  used on input line 62.
(pdftex.def)             Requested size: 345.0pt x 256.49728pt.
 [13 <./figures/performance_analysis_KABv0.png>]
<figures/entropy_performance_plot.png, id=326, 481.89636pt x 352.96667pt>
File: figures/entropy_performance_plot.png Graphic file (type png)
<use figures/entropy_performance_plot.png>
Package pdftex.def Info: figures/entropy_performance_plot.png  used on input line 91.
(pdftex.def)             Requested size: 310.4979pt x 227.43286pt.
) [14 <./figures/entropy_performance_plot.png>] (./discussion.tex [15]) (./acknowledgement.tex
Underfull \hbox (badness 10000) in paragraph at lines 5--15

 []

) (./main.bbl [16{/opt/homebrew/Cellar/texlive/20240312_3/share/texmf-dist/fonts/enc/dvips/cm-super/cm-super-ts1.enc}] [17] [18] [19] [20]) [21] (./appendix.tex
<figures/gaussian_sigmoid.png, id=388, 432.8973pt x 259.59384pt>
File: figures/gaussian_sigmoid.png Graphic file (type png)
<use figures/gaussian_sigmoid.png>
Package pdftex.def Info: figures/gaussian_sigmoid.png  used on input line 38.
(pdftex.def)             Requested size: 276.00105pt x 165.51363pt.
 [22] [23 <./figures/gaussian_sigmoid.png>] [24]
<figures/reward_update_plot.pdf, id=412, 701.7417pt x 347.25734pt>
File: figures/reward_update_plot.pdf Graphic file (type pdf)
<use figures/reward_update_plot.pdf>
Package pdftex.def Info: figures/reward_update_plot.pdf  used on input line 139.
(pdftex.def)             Requested size: 345.0pt x 170.72453pt.
) [25 <./figures/reward_update_plot.pdf>] (./main.aux)
 ***********
LaTeX2e <2023-11-01> patch level 1
L3 programming layer <2024-02-20>
 ***********
Package rerunfilecheck Info: File `main.out' has not changed.
(rerunfilecheck)             Checksum: 6800C4C6F5DC9CF6EA159C746B089F60;3247.
 ) 
Here is how much of TeX's memory you used:
 12364 strings out of 474116
 204597 string characters out of 5732612
 1938187 words of memory out of 5000000
 34433 multiletter control sequences out of 15000+600000
 567969 words of font info for 69 fonts, out of 8000000 for 9000
 1141 hyphenation exceptions out of 8191
 75i,13n,79p,681b,564s stack positions out of 10000i,1000n,20000p,200000b,200000s
</opt/homebrew/Cellar/texlive/20240312_3/share/texmf-dist/fonts/type1/public/amsfonts/cm/cmbx10.pfb></opt/homebrew/Cellar/texlive/20240312_3/share/texmf-dist/fonts/type1/public/amsfonts/cm/cmbx12.pfb></opt/homebrew/Cellar/texlive/20240312_3/share/texmf-dist/fonts/type1/public/amsfonts/cm/cmbx7.pfb></opt/homebrew/Cellar/texlive/20240312_3/share/texmf-dist/fonts/type1/public/amsfonts/cm/cmbx8.pfb></opt/homebrew/Cellar/texlive/20240312_3/share/texmf-dist/fonts/type1/public/amsfonts/cm/cmbxti10.pfb></opt/homebrew/Cellar/texlive/20240312_3/share/texmf-dist/fonts/type1/public/amsfonts/cm/cmcsc10.pfb></opt/homebrew/Cellar/texlive/20240312_3/share/texmf-dist/fonts/type1/public/amsfonts/cm/cmex10.pfb></opt/homebrew/Cellar/texlive/20240312_3/share/texmf-dist/fonts/type1/public/amsfonts/cmextra/cmex7.pfb></opt/homebrew/Cellar/texlive/20240312_3/share/texmf-dist/fonts/type1/public/amsfonts/cm/cmmi10.pfb></opt/homebrew/Cellar/texlive/20240312_3/share/texmf-dist/fonts/type1/public/amsfonts/cm/cmmi5.pfb></opt/homebrew/Cellar/texlive/20240312_3/share/texmf-dist/fonts/type1/public/amsfonts/cm/cmmi7.pfb></opt/homebrew/Cellar/texlive/20240312_3/share/texmf-dist/fonts/type1/public/amsfonts/cm/cmr10.pfb></opt/homebrew/Cellar/texlive/20240312_3/share/texmf-dist/fonts/type1/public/amsfonts/cm/cmr12.pfb></opt/homebrew/Cellar/texlive/20240312_3/share/texmf-dist/fonts/type1/public/amsfonts/cm/cmr17.pfb></opt/homebrew/Cellar/texlive/20240312_3/share/texmf-dist/fonts/type1/public/amsfonts/cm/cmr6.pfb></opt/homebrew/Cellar/texlive/20240312_3/share/texmf-dist/fonts/type1/public/amsfonts/cm/cmr7.pfb></opt/homebrew/Cellar/texlive/20240312_3/share/texmf-dist/fonts/type1/public/amsfonts/cm/cmr8.pfb></opt/homebrew/Cellar/texlive/20240312_3/share/texmf-dist/fonts/type1/public/amsfonts/cm/cmsy10.pfb></opt/homebrew/Cellar/texlive/20240312_3/share/texmf-dist/fonts/type1/public/amsfonts/cm/cmsy7.pfb></opt/homebrew/Cellar/texlive/20240312_3/share/texmf-dist/fonts/type1/public/amsfonts/cm/cmti10.pfb></opt
/homebrew/Cellar/texlive/20240312_3/share/texmf-dist/fonts/type1/public/amsfonts/cm/cmti7.pfb></opt/homebrew/Cellar/texlive/20240312_3/share/texmf-dist/fonts/type1/public/amsfonts/cm/cmti8.pfb></opt/homebrew/Cellar/texlive/20240312_3/share/texmf-dist/fonts/type1/public/amsfonts/cm/cmtt10.pfb></opt/homebrew/Cellar/texlive/20240312_3/share/texmf-dist/fonts/type1/public/cm-super/sfrm1000.pfb></opt/homebrew/Cellar/texlive/20240312_3/share/texmf-dist/fonts/type1/urw/symbol/usyr.pfb></opt/homebrew/Cellar/texlive/20240312_3/share/texmf-dist/fonts/type1/urw/times/utmb8a.pfb></opt/homebrew/Cellar/texlive/20240312_3/share/texmf-dist/fonts/type1/urw/times/utmr8a.pfb></opt/homebrew/Cellar/texlive/20240312_3/share/texmf-dist/fonts/type1/urw/times/utmri8a.pfb>
Output written on main.pdf (25 pages, 2777795 bytes).
PDF statistics:
 581 PDF objects out of 1000 (max. 8388607)
 481 compressed objects within 5 object streams
 124 named destinations out of 1000 (max. 500000)
 217 words of extra memory for PDF output out of 10000 (max. 10000000)

